Using pre-set license
Built from '2020.3/release' branch; Version is '2020.3.27f1 (e759542391ea) revision 15161684'; Using compiler version '192528614'; Build Type 'Release'
OS: 'Windows 10  (10.0.19045) 64bit Professional' Language: 'ru' Physical Memory: 15711 MB
BatchMode: 1, IsHumanControllingUs: 0, StartBugReporterOnCrash: 0, Is64bit: 1, IsPro: 0

COMMAND LINE ARGUMENTS:
C:\Program Files\Unity\Hub\Editor\2020.3.27f1\Editor\Unity.exe
-adb2
-batchMode
-noUpm
-name
AssetImportWorker0
-projectPath
E:/Koding/DarProjUnity/MyPets/MenuAndViews/MenuAndViews
-logFile
Logs/AssetImportWorker0.log
-srvPort
54818
Successfully changed project path to: E:/Koding/DarProjUnity/MyPets/MenuAndViews/MenuAndViews
E:/Koding/DarProjUnity/MyPets/MenuAndViews/MenuAndViews
Using Asset Import Pipeline V2.
Refreshing native plugins compatible for Editor in 36.00 ms, found 3 plugins.
Preloading 0 native plugins for Editor in 0.00 ms.
Initialize engine version: 2020.3.27f1 (e759542391ea)
[Subsystems] Discovering subsystems at path C:/Program Files/Unity/Hub/Editor/2020.3.27f1/Editor/Data/Resources/UnitySubsystems
[Subsystems] Discovering subsystems at path E:/Koding/DarProjUnity/MyPets/MenuAndViews/MenuAndViews/Assets
GfxDevice: creating device client; threaded=0
Direct3D:
    Version:  Direct3D 11.0 [level 11.1]
    Renderer: NVIDIA GeForce RTX 3060 Ti (ID=0x2489)
    Vendor:   
    VRAM:     8038 MB
    Driver:   31.0.15.2802
Initialize mono
Mono path[0] = 'C:/Program Files/Unity/Hub/Editor/2020.3.27f1/Editor/Data/Managed'
Mono path[1] = 'C:/Program Files/Unity/Hub/Editor/2020.3.27f1/Editor/Data/MonoBleedingEdge/lib/mono/unityjit'
Mono config path = 'C:/Program Files/Unity/Hub/Editor/2020.3.27f1/Editor/Data/MonoBleedingEdge/etc'
Using monoOptions --debugger-agent=transport=dt_socket,embedding=1,server=y,suspend=n,address=127.0.0.1:56148
Begin MonoManager ReloadAssembly
Registering precompiled unity dll's ...
Register platform support module: C:/Program Files/Unity/Hub/Editor/2020.3.27f1/Editor/Data/PlaybackEngines/WindowsStandaloneSupport/UnityEditor.WindowsStandalone.Extensions.dll
Registered in 0.001771 seconds.
Native extension for WindowsStandalone target not found
Refreshing native plugins compatible for Editor in 33.11 ms, found 3 plugins.
Preloading 0 native plugins for Editor in 0.00 ms.
Mono: successfully reloaded assembly
- Completed reload, in  0.420 seconds
Domain Reload Profiling:
	ReloadAssembly (420ms)
		BeginReloadAssembly (49ms)
			ExecutionOrderSort (0ms)
			DisableScriptedObjects (0ms)
			BackupInstance (0ms)
			ReleaseScriptingObjects (0ms)
			CreateAndSetChildDomain (1ms)
		EndReloadAssembly (319ms)
			LoadAssemblies (47ms)
			RebuildTransferFunctionScriptingTraits (0ms)
			SetupTypeCache (96ms)
			ReleaseScriptCaches (0ms)
			RebuildScriptCaches (18ms)
			SetupLoadedEditorAssemblies (126ms)
				LogAssemblyErrors (0ms)
				InitializePlatformSupportModulesInManaged (3ms)
				SetLoadedEditorAssemblies (0ms)
				RefreshPlugins (33ms)
				BeforeProcessingInitializeOnLoad (10ms)
				ProcessInitializeOnLoadAttributes (60ms)
				ProcessInitializeOnLoadMethodAttributes (20ms)
				AfterProcessingInitializeOnLoad (0ms)
				EditorAssembliesLoaded (0ms)
			ExecutionOrderSort2 (0ms)
			AwakeInstancesAfterBackupRestoration (0ms)
Platform modules already initialized, skipping
Registering precompiled user dll's ...
Registered in 0.002961 seconds.
Begin MonoManager ReloadAssembly
Native extension for WindowsStandalone target not found
Refreshing native plugins compatible for Editor in 33.56 ms, found 3 plugins.
Preloading 0 native plugins for Editor in 0.00 ms.
Mono: successfully reloaded assembly
- Completed reload, in  0.792 seconds
Domain Reload Profiling:
	ReloadAssembly (793ms)
		BeginReloadAssembly (107ms)
			ExecutionOrderSort (0ms)
			DisableScriptedObjects (4ms)
			BackupInstance (0ms)
			ReleaseScriptingObjects (0ms)
			CreateAndSetChildDomain (17ms)
		EndReloadAssembly (642ms)
			LoadAssemblies (72ms)
			RebuildTransferFunctionScriptingTraits (0ms)
			SetupTypeCache (208ms)
			ReleaseScriptCaches (0ms)
			RebuildScriptCaches (31ms)
			SetupLoadedEditorAssemblies (254ms)
				LogAssemblyErrors (0ms)
				InitializePlatformSupportModulesInManaged (3ms)
				SetLoadedEditorAssemblies (0ms)
				RefreshPlugins (34ms)
				BeforeProcessingInitializeOnLoad (59ms)
				ProcessInitializeOnLoadAttributes (140ms)
				ProcessInitializeOnLoadMethodAttributes (12ms)
				AfterProcessingInitializeOnLoad (6ms)
				EditorAssembliesLoaded (0ms)
			ExecutionOrderSort2 (0ms)
			AwakeInstancesAfterBackupRestoration (5ms)
Platform modules already initialized, skipping
========================================================================
Worker process is ready to serve import requests
Launched and connected shader compiler UnityShaderCompiler.exe after 0.04 seconds
Refreshing native plugins compatible for Editor in 0.49 ms, found 3 plugins.
Preloading 0 native plugins for Editor in 0.00 ms.
Unloading 2226 Unused Serialized files (Serialized files now loaded: 0)
System memory in use before: 98.7 MB.
System memory in use after: 98.6 MB.

Unloading 36 unused Assets to reduce memory usage. Loaded Objects now: 2657.
Total: 3.433700 ms (FindLiveObjects: 0.354800 ms CreateObjectMapping: 0.069400 ms MarkObjects: 2.817000 ms  DeleteObjects: 0.189900 ms)

AssetImportParameters requested are different than current active one (requested -> active):
  custom:framework-win-MediaFoundation: 216162199b28c13a410421893ffa2e32 -> 
  custom:video-decoder-ogg-theora: a1e56fd34408186e4bbccfd4996cb3dc -> 
  custom:container-muxer-webm: aa71ff27fc2769a1b78a27578f13a17b -> 
  custom:container-demuxer-webm: 4f35f7cbe854078d1ac9338744f61a02 -> 
  custom:container-demuxer-ogg: 62fdf1f143b41e24485cea50d1cbac27 -> 
  custom:video-encoder-webm-vp8: eb34c28f22e8b96e1ab97ce403110664 -> 
  custom:video-decoder-webm-vp8: 9c59270c3fd7afecdb556c50c9e8de78 -> 
  custom:audio-decoder-ogg-vorbis: bf7c407c2cedff20999df2af8eb42d56 -> 
  custom:audio-encoder-webm-vorbis: bf7c407c2cedff20999df2af8eb42d56 -> 
========================================================================
Received Import Request.
  path: Assets/roboto/Roboto-Light.ttf
  artifactKey: Guid(40b7ae89e1f280c43b3f5b3ef1c7dfcd) Importer(815301076,1909f56bfc062723c751e8b465ee728b)
Start importing Assets/roboto/Roboto-Light.ttf using Guid(40b7ae89e1f280c43b3f5b3ef1c7dfcd) Importer(815301076,1909f56bfc062723c751e8b465ee728b)  -> (artifact id: '61afb60816e5e303f354050a0db9710e') in 0.098252 seconds 
  Import took 0.101713 seconds .

========================================================================
Received Import Request.
  Time since last request: 0.000215 seconds.
  path: Assets/roboto/Roboto-Italic.ttf
  artifactKey: Guid(64ede4239a208c5408643b725d37142e) Importer(815301076,1909f56bfc062723c751e8b465ee728b)
Start importing Assets/roboto/Roboto-Italic.ttf using Guid(64ede4239a208c5408643b725d37142e) Importer(815301076,1909f56bfc062723c751e8b465ee728b)  -> (artifact id: '828fcda47b8b6dbdbead744598cdca55') in 0.009772 seconds 
  Import took 0.012656 seconds .

========================================================================
Received Import Request.
  Time since last request: 0.000183 seconds.
  path: Assets/roboto/Roboto-BlackItalic.ttf
  artifactKey: Guid(f73acf787a5ba0d44800bc18135fdba1) Importer(815301076,1909f56bfc062723c751e8b465ee728b)
Start importing Assets/roboto/Roboto-BlackItalic.ttf using Guid(f73acf787a5ba0d44800bc18135fdba1) Importer(815301076,1909f56bfc062723c751e8b465ee728b)  -> (artifact id: 'f825aedb2b98343779f9b0a460191767') in 0.008543 seconds 
  Import took 0.011277 seconds .

========================================================================
Received Import Request.
  Time since last request: 0.000193 seconds.
  path: Assets/roboto/Roboto-Medium.ttf
  artifactKey: Guid(d9ccf1f1fa698d642a7e133a2f0d7cd6) Importer(815301076,1909f56bfc062723c751e8b465ee728b)
Start importing Assets/roboto/Roboto-Medium.ttf using Guid(d9ccf1f1fa698d642a7e133a2f0d7cd6) Importer(815301076,1909f56bfc062723c751e8b465ee728b)  -> (artifact id: '7d3cdeeebf4414fa5466604d0c2e908d') in 0.008071 seconds 
  Import took 0.010825 seconds .

========================================================================
Received Import Request.
  Time since last request: 0.000180 seconds.
  path: Assets/TextMesh Pro/Fonts/LiberationSans.ttf
  artifactKey: Guid(e3265ab4bf004d28a9537516768c1c75) Importer(815301076,1909f56bfc062723c751e8b465ee728b)
Start importing Assets/TextMesh Pro/Fonts/LiberationSans.ttf using Guid(e3265ab4bf004d28a9537516768c1c75) Importer(815301076,1909f56bfc062723c751e8b465ee728b)  -> (artifact id: '246556da8ee308a88cd64dac11bb5e10') in 0.009075 seconds 
  Import took 0.011688 seconds .

========================================================================
Received Import Request.
  Time since last request: 0.000188 seconds.
  path: Assets/roboto/Roboto-LightItalic.ttf
  artifactKey: Guid(2024558835b997247ae15ea6b4ef75af) Importer(815301076,1909f56bfc062723c751e8b465ee728b)
Start importing Assets/roboto/Roboto-LightItalic.ttf using Guid(2024558835b997247ae15ea6b4ef75af) Importer(815301076,1909f56bfc062723c751e8b465ee728b)  -> (artifact id: 'a865f263750d34a0b0a0e87b2b721bee') in 0.009827 seconds 
  Import took 0.012566 seconds .

========================================================================
Received Import Request.
  Time since last request: 0.000202 seconds.
  path: Assets/roboto/Roboto-Bold.ttf
  artifactKey: Guid(0d79d561e32f33741b567ea090112b52) Importer(815301076,1909f56bfc062723c751e8b465ee728b)
Start importing Assets/roboto/Roboto-Bold.ttf using Guid(0d79d561e32f33741b567ea090112b52) Importer(815301076,1909f56bfc062723c751e8b465ee728b)  -> (artifact id: 'db8d42227484784c71e9e85493706ab1') in 0.008476 seconds 
  Import took 0.011077 seconds .

========================================================================
Received Import Request.
  Time since last request: 0.000178 seconds.
  path: Assets/roboto/Roboto-BoldItalic.ttf
  artifactKey: Guid(3804f3382b0aa4944b5101b565b9a4f7) Importer(815301076,1909f56bfc062723c751e8b465ee728b)
Start importing Assets/roboto/Roboto-BoldItalic.ttf using Guid(3804f3382b0aa4944b5101b565b9a4f7) Importer(815301076,1909f56bfc062723c751e8b465ee728b)  -> (artifact id: 'e3427c046bc09326f5097c6cf8c496fb') in 0.008938 seconds 
  Import took 0.011712 seconds .

========================================================================
Received Import Request.
  Time since last request: 0.000173 seconds.
  path: Assets/roboto/Roboto-MediumItalic.ttf
  artifactKey: Guid(be255ab2d357f6940b6e117e214ae2d2) Importer(815301076,1909f56bfc062723c751e8b465ee728b)
Start importing Assets/roboto/Roboto-MediumItalic.ttf using Guid(be255ab2d357f6940b6e117e214ae2d2) Importer(815301076,1909f56bfc062723c751e8b465ee728b)  -> (artifact id: 'e7b7f66f34996f8611e5c535dc263538') in 0.009203 seconds 
  Import took 0.011950 seconds .

========================================================================
Received Import Request.
  Time since last request: 0.000185 seconds.
  path: Assets/roboto/Roboto-Black.ttf
  artifactKey: Guid(f1ad91f4812cd7f4ca871d222f195a7b) Importer(815301076,1909f56bfc062723c751e8b465ee728b)
Start importing Assets/roboto/Roboto-Black.ttf using Guid(f1ad91f4812cd7f4ca871d222f195a7b) Importer(815301076,1909f56bfc062723c751e8b465ee728b)  -> (artifact id: '563c1a5edad23281e11cb8c663b962f4') in 0.007957 seconds 
  Import took 0.010606 seconds .

========================================================================
Received Import Request.
  Time since last request: 16.789013 seconds.
  path: Assets/roboto/Roboto-Regular.ttf
  artifactKey: Guid(bb1c01c7e38cc654e8425012564ede19) Importer(815301076,1909f56bfc062723c751e8b465ee728b)
Start importing Assets/roboto/Roboto-Regular.ttf using Guid(bb1c01c7e38cc654e8425012564ede19) Importer(815301076,1909f56bfc062723c751e8b465ee728b)  -> (artifact id: '6554be401c31bbf9c3089ff4e9d59ff9') in 0.011970 seconds 
  Import took 0.014818 seconds .

========================================================================
Received Import Request.
  Time since last request: 0.000194 seconds.
  path: Assets/roboto/Roboto-Thin.ttf
  artifactKey: Guid(1ea7a2c522c577041ab3a911df19e64e) Importer(815301076,1909f56bfc062723c751e8b465ee728b)
Start importing Assets/roboto/Roboto-Thin.ttf using Guid(1ea7a2c522c577041ab3a911df19e64e) Importer(815301076,1909f56bfc062723c751e8b465ee728b)  -> (artifact id: '57489baad8ce4b6cb9f75af706e1d493') in 0.015413 seconds 
  Import took 0.017969 seconds .

========================================================================
Received Import Request.
  Time since last request: 0.174962 seconds.
  path: Assets/roboto/Roboto-ThinItalic.ttf
  artifactKey: Guid(62f2d8b01bbd98e46a4819561c132502) Importer(815301076,1909f56bfc062723c751e8b465ee728b)
Start importing Assets/roboto/Roboto-ThinItalic.ttf using Guid(62f2d8b01bbd98e46a4819561c132502) Importer(815301076,1909f56bfc062723c751e8b465ee728b)  -> (artifact id: '9b613ce6842f43f8008c59c84277fd7c') in 0.009608 seconds 
  Import took 0.013193 seconds .

========================================================================
Received Import Request.
  Time since last request: 50.586132 seconds.
  path: Assets/TextMesh Pro/Resources/Fonts & Materials/LiberationSans SDF - Fallback.asset
  artifactKey: Guid(2e498d1c8094910479dc3e1b768306a4) Importer(815301076,1909f56bfc062723c751e8b465ee728b)
Start importing Assets/TextMesh Pro/Resources/Fonts & Materials/LiberationSans SDF - Fallback.asset using Guid(2e498d1c8094910479dc3e1b768306a4) Importer(815301076,1909f56bfc062723c751e8b465ee728b)  -> (artifact id: 'b830e91fa64a0823290e549ac0689205') in 0.031961 seconds 
  Import took 0.034985 seconds .

========================================================================
Received Import Request.
  Time since last request: 0.000198 seconds.
  path: Assets/roboto/Roboto-Black SDF.asset
  artifactKey: Guid(e0f871baf314cc94c85b73171477024a) Importer(815301076,1909f56bfc062723c751e8b465ee728b)
Start importing Assets/roboto/Roboto-Black SDF.asset using Guid(e0f871baf314cc94c85b73171477024a) Importer(815301076,1909f56bfc062723c751e8b465ee728b)  -> (artifact id: '2fd5d76cfba534001e7b48beeb0e74aa') in 0.022228 seconds 
  Import took 0.024852 seconds .

========================================================================
Received Import Request.
  Time since last request: 101.324333 seconds.
  path: Assets/roboto/Roboto-Black SDF.asset
  artifactKey: Guid(e0f871baf314cc94c85b73171477024a) Importer(815301076,1909f56bfc062723c751e8b465ee728b)
Start importing Assets/roboto/Roboto-Black SDF.asset using Guid(e0f871baf314cc94c85b73171477024a) Importer(815301076,1909f56bfc062723c751e8b465ee728b)  -> (artifact id: 'c47d344ec6daeffae1066ea9e46f3998') in 0.017796 seconds 
  Import took 0.021250 seconds .

========================================================================
Received Import Request.
  Time since last request: 0.000195 seconds.
  path: Assets/roboto/Roboto-Italic SDF.asset
  artifactKey: Guid(f227a929f163cab41b9900e1e7a11726) Importer(815301076,1909f56bfc062723c751e8b465ee728b)
Start importing Assets/roboto/Roboto-Italic SDF.asset using Guid(f227a929f163cab41b9900e1e7a11726) Importer(815301076,1909f56bfc062723c751e8b465ee728b)  -> (artifact id: '67e6ca3c512dc745395df582aedd94f0') in 0.021682 seconds 
  Import took 0.024253 seconds .

========================================================================
Received Import Request.
  Time since last request: 0.000203 seconds.
  path: Assets/roboto/Roboto-Light SDF.asset
  artifactKey: Guid(f168fa6992246444ea813191c142f996) Importer(815301076,1909f56bfc062723c751e8b465ee728b)
Start importing Assets/roboto/Roboto-Light SDF.asset using Guid(f168fa6992246444ea813191c142f996) Importer(815301076,1909f56bfc062723c751e8b465ee728b)  -> (artifact id: '5d1b9221c7c9e010d6f62e40ed4d9ee7') in 0.015216 seconds 
  Import took 0.018206 seconds .

========================================================================
Received Import Request.
  Time since last request: 0.000242 seconds.
  path: Assets/roboto/Roboto-Medium SDF.asset
  artifactKey: Guid(6bcfbd1e647c14b468eb92bc27234e2e) Importer(815301076,1909f56bfc062723c751e8b465ee728b)
Start importing Assets/roboto/Roboto-Medium SDF.asset using Guid(6bcfbd1e647c14b468eb92bc27234e2e) Importer(815301076,1909f56bfc062723c751e8b465ee728b)  -> (artifact id: 'd740b48f95d9ae226204ed1aac913700') in 0.017386 seconds 
  Import took 0.020366 seconds .

========================================================================
Received Import Request.
  Time since last request: 0.000214 seconds.
  path: Assets/roboto/Roboto-LightItalic SDF.asset
  artifactKey: Guid(3ff5c07afd773a44096bda3a46d3af6d) Importer(815301076,1909f56bfc062723c751e8b465ee728b)
Start importing Assets/roboto/Roboto-LightItalic SDF.asset using Guid(3ff5c07afd773a44096bda3a46d3af6d) Importer(815301076,1909f56bfc062723c751e8b465ee728b)  -> (artifact id: 'f1d75d18ee9ef7c0c6f3c47702d8f042') in 0.017375 seconds 
  Import took 0.020133 seconds .

========================================================================
Received Import Request.
  Time since last request: 0.000188 seconds.
  path: Assets/roboto/Roboto-BlackItalic SDF.asset
  artifactKey: Guid(15e3f8573a25b234ab2cd271e003536f) Importer(815301076,1909f56bfc062723c751e8b465ee728b)
Start importing Assets/roboto/Roboto-BlackItalic SDF.asset using Guid(15e3f8573a25b234ab2cd271e003536f) Importer(815301076,1909f56bfc062723c751e8b465ee728b)  -> (artifact id: '6aa54e76898cd77779b422029e7c0685') in 0.019550 seconds 
  Import took 0.022164 seconds .

========================================================================
Received Import Request.
  Time since last request: 0.000179 seconds.
  path: Assets/roboto/Roboto-BoldItalic SDF.asset
  artifactKey: Guid(782e06776ab4cc547bc026331385faa6) Importer(815301076,1909f56bfc062723c751e8b465ee728b)
Start importing Assets/roboto/Roboto-BoldItalic SDF.asset using Guid(782e06776ab4cc547bc026331385faa6) Importer(815301076,1909f56bfc062723c751e8b465ee728b)  -> (artifact id: '359efd6dab99a85f2b73157a95659095') in 0.019897 seconds 
  Import took 0.022442 seconds .

========================================================================
Received Import Request.
  Time since last request: 0.000181 seconds.
  path: Assets/roboto/Roboto-Bold SDF.asset
  artifactKey: Guid(ed0f32062a84f864e8cbdcc04b7e0482) Importer(815301076,1909f56bfc062723c751e8b465ee728b)
Start importing Assets/roboto/Roboto-Bold SDF.asset using Guid(ed0f32062a84f864e8cbdcc04b7e0482) Importer(815301076,1909f56bfc062723c751e8b465ee728b)  -> (artifact id: '21a1a25f7def4f44575e90fdde2c69b6') in 0.018459 seconds 
  Import took 0.021177 seconds .

========================================================================
Received Import Request.
  Time since last request: 23.569827 seconds.
  path: Assets/roboto/Roboto-MediumItalic SDF.asset
  artifactKey: Guid(65616d9a77be3bd42ab28ee5ea92a25d) Importer(815301076,1909f56bfc062723c751e8b465ee728b)
Start importing Assets/roboto/Roboto-MediumItalic SDF.asset using Guid(65616d9a77be3bd42ab28ee5ea92a25d) Importer(815301076,1909f56bfc062723c751e8b465ee728b)  -> (artifact id: '0a2575435a8270ab22a737b37cf4e515') in 0.021952 seconds 
  Import took 0.025041 seconds .

========================================================================
Received Import Request.
  Time since last request: 0.000217 seconds.
  path: Assets/roboto/Roboto-Regular SDF.asset
  artifactKey: Guid(bc043600161a88b40914d35c5fe4da47) Importer(815301076,1909f56bfc062723c751e8b465ee728b)
Start importing Assets/roboto/Roboto-Regular SDF.asset using Guid(bc043600161a88b40914d35c5fe4da47) Importer(815301076,1909f56bfc062723c751e8b465ee728b)  -> (artifact id: 'd0e8fd5ed00276ff13a0ddb245a7d938') in 0.016724 seconds 
  Import took 0.019563 seconds .

========================================================================
Received Import Request.
  Time since last request: 14.933544 seconds.
  path: Assets/roboto/Roboto-Thin SDF.asset
  artifactKey: Guid(1adc3d267f4680e4f8c79569d776fb0d) Importer(815301076,1909f56bfc062723c751e8b465ee728b)
Start importing Assets/roboto/Roboto-Thin SDF.asset using Guid(1adc3d267f4680e4f8c79569d776fb0d) Importer(815301076,1909f56bfc062723c751e8b465ee728b)  -> (artifact id: '61b8d911d928001b8ce93293ef2043e3') in 0.014827 seconds 
  Import took 0.017923 seconds .

========================================================================
Received Import Request.
  Time since last request: 0.000195 seconds.
  path: Assets/roboto/Roboto-ThinItalic SDF.asset
  artifactKey: Guid(ddd1e8cfd19906b4bb7b88f653b9f69a) Importer(815301076,1909f56bfc062723c751e8b465ee728b)
Start importing Assets/roboto/Roboto-ThinItalic SDF.asset using Guid(ddd1e8cfd19906b4bb7b88f653b9f69a) Importer(815301076,1909f56bfc062723c751e8b465ee728b)  -> (artifact id: '9482d7d14658e05949b530fac1a4da4a') in 0.018515 seconds 
  Import took 0.021077 seconds .

========================================================================
Received Import Request.
  Time since last request: 22.872868 seconds.
  path: Assets/Prefabs/Options View.prefab
  artifactKey: Guid(f05e86adf54bc6a4ba5358f1e2a4b077) Importer(815301076,1909f56bfc062723c751e8b465ee728b)
Start importing Assets/Prefabs/Options View.prefab using Guid(f05e86adf54bc6a4ba5358f1e2a4b077) Importer(815301076,1909f56bfc062723c751e8b465ee728b)  -> (artifact id: '23ce423cf114f9271d33a158e79cfa0a') in 0.043454 seconds 
  Import took 0.046712 seconds .

========================================================================
Received Import Request.
  Time since last request: 835.527251 seconds.
  path: Assets/Sprites/cloud1.png
  artifactKey: Guid(b7457c7073afc07459286bc0c6e9dc7d) Importer(815301076,1909f56bfc062723c751e8b465ee728b)
Start importing Assets/Sprites/cloud1.png using Guid(b7457c7073afc07459286bc0c6e9dc7d) Importer(815301076,1909f56bfc062723c751e8b465ee728b)  -> (artifact id: '3f5a28d0c1e934db293f17ef54fb1c49') in 0.047328 seconds 
  Import took 0.050699 seconds .

========================================================================
Received Import Request.
  Time since last request: 0.000192 seconds.
  path: Assets/Sprites/cloud4.png
  artifactKey: Guid(f0cb7e0c27402114a951859cf51bde99) Importer(815301076,1909f56bfc062723c751e8b465ee728b)
Start importing Assets/Sprites/cloud4.png using Guid(f0cb7e0c27402114a951859cf51bde99) Importer(815301076,1909f56bfc062723c751e8b465ee728b)  -> (artifact id: '3988047c553d42052108145f0022d301') in 0.012610 seconds 
  Import took 0.015498 seconds .

========================================================================
Received Import Request.
  Time since last request: 0.000173 seconds.
  path: Assets/Sprites/cloud3.png
  artifactKey: Guid(1afe8968d2fbdb5419d3dcac644e8136) Importer(815301076,1909f56bfc062723c751e8b465ee728b)
Start importing Assets/Sprites/cloud3.png using Guid(1afe8968d2fbdb5419d3dcac644e8136) Importer(815301076,1909f56bfc062723c751e8b465ee728b)  -> (artifact id: '19cde64c88f3acc7a062949314c99c39') in 0.014959 seconds 
  Import took 0.017772 seconds .

========================================================================
Received Import Request.
  Time since last request: 0.000177 seconds.
  path: Assets/Sprites/cloud2.png
  artifactKey: Guid(78959899a89c2de4e946d2bdad42c9df) Importer(815301076,1909f56bfc062723c751e8b465ee728b)
Start importing Assets/Sprites/cloud2.png using Guid(78959899a89c2de4e946d2bdad42c9df) Importer(815301076,1909f56bfc062723c751e8b465ee728b)  -> (artifact id: 'f2b5798450965417df84b95c200c2ab0') in 0.013722 seconds 
  Import took 0.016542 seconds .

========================================================================
Received Prepare
Registering precompiled user dll's ...
Registered in 0.002841 seconds.
Begin MonoManager ReloadAssembly
Native extension for WindowsStandalone target not found
Refreshing native plugins compatible for Editor in 0.60 ms, found 3 plugins.
Preloading 0 native plugins for Editor in 0.00 ms.
Mono: successfully reloaded assembly
- Completed reload, in  0.742 seconds
Domain Reload Profiling:
	ReloadAssembly (742ms)
		BeginReloadAssembly (104ms)
			ExecutionOrderSort (0ms)
			DisableScriptedObjects (4ms)
			BackupInstance (0ms)
			ReleaseScriptingObjects (0ms)
			CreateAndSetChildDomain (32ms)
		EndReloadAssembly (591ms)
			LoadAssemblies (76ms)
			RebuildTransferFunctionScriptingTraits (0ms)
			SetupTypeCache (200ms)
			ReleaseScriptCaches (1ms)
			RebuildScriptCaches (28ms)
			SetupLoadedEditorAssemblies (225ms)
				LogAssemblyErrors (0ms)
				InitializePlatformSupportModulesInManaged (3ms)
				SetLoadedEditorAssemblies (0ms)
				RefreshPlugins (1ms)
				BeforeProcessingInitializeOnLoad (72ms)
				ProcessInitializeOnLoadAttributes (134ms)
				ProcessInitializeOnLoadMethodAttributes (9ms)
				AfterProcessingInitializeOnLoad (7ms)
				EditorAssembliesLoaded (0ms)
			ExecutionOrderSort2 (0ms)
			AwakeInstancesAfterBackupRestoration (7ms)
Platform modules already initialized, skipping
Switching build target platform(19) subTarget(0) extendedPlatform(0) -> platform(13) subTarget(537395200) extendedPlatform(0)
Refreshing native plugins compatible for Editor in 0.88 ms, found 3 plugins.
Preloading 0 native plugins for Editor in 0.00 ms.
Unloading 2211 Unused Serialized files (Serialized files now loaded: 0)
System memory in use before: 100.7 MB.
System memory in use after: 100.8 MB.

Unloading 25 unused Assets to reduce memory usage. Loaded Objects now: 2710.
Total: 2.736500 ms (FindLiveObjects: 0.190500 ms CreateObjectMapping: 0.093700 ms MarkObjects: 2.354800 ms  DeleteObjects: 0.096700 ms)

AssetImportParameters requested are different than current active one (requested -> active):
  custom:framework-win-MediaFoundation: 216162199b28c13a410421893ffa2e32 -> 
  custom:video-decoder-ogg-theora: a1e56fd34408186e4bbccfd4996cb3dc -> 
  custom:container-muxer-webm: aa71ff27fc2769a1b78a27578f13a17b -> 
  custom:container-demuxer-webm: 4f35f7cbe854078d1ac9338744f61a02 -> 
  custom:container-demuxer-ogg: 62fdf1f143b41e24485cea50d1cbac27 -> 
  custom:video-encoder-webm-vp8: eb34c28f22e8b96e1ab97ce403110664 -> 
  custom:video-decoder-webm-vp8: 9c59270c3fd7afecdb556c50c9e8de78 -> 
  custom:graphics/normal-map-encoding: 01000000000000000000000000000000 -> 02000000000000000000000000000000
  custom:audio-decoder-ogg-vorbis: bf7c407c2cedff20999df2af8eb42d56 -> 
  custom:audio-encoder-webm-vorbis: bf7c407c2cedff20999df2af8eb42d56 -> 
========================================================================
Received Import Request.
  Time since last request: 456.843484 seconds.
  path: Assets/Prefabs/Menu View.prefab
  artifactKey: Guid(143e7d59f6c740e449435cc781e1eba4) Importer(815301076,1909f56bfc062723c751e8b465ee728b)
Start importing Assets/Prefabs/Menu View.prefab using Guid(143e7d59f6c740e449435cc781e1eba4) Importer(815301076,1909f56bfc062723c751e8b465ee728b)  -> (artifact id: '7288c04386e370de741270709c6227b7') in 0.067217 seconds 
  Import took 0.070623 seconds .

========================================================================
Received Import Request.
  Time since last request: 297.888336 seconds.
  path: Assets/Prefabs/Menu View.prefab
  artifactKey: Guid(143e7d59f6c740e449435cc781e1eba4) Importer(815301076,1909f56bfc062723c751e8b465ee728b)
Start importing Assets/Prefabs/Menu View.prefab using Guid(143e7d59f6c740e449435cc781e1eba4) Importer(815301076,1909f56bfc062723c751e8b465ee728b)  -> (artifact id: 'a12adbf02d06476c649b8aaaf465f82f') in 0.032308 seconds 
  Import took 0.036085 seconds .

========================================================================
Received Prepare
Registering precompiled user dll's ...
Registered in 0.002884 seconds.
Begin MonoManager ReloadAssembly
Native extension for WindowsStandalone target not found
Refreshing native plugins compatible for Editor in 0.52 ms, found 3 plugins.
Preloading 0 native plugins for Editor in 0.00 ms.
Mono: successfully reloaded assembly
- Completed reload, in  0.741 seconds
Domain Reload Profiling:
	ReloadAssembly (741ms)
		BeginReloadAssembly (95ms)
			ExecutionOrderSort (0ms)
			DisableScriptedObjects (4ms)
			BackupInstance (0ms)
			ReleaseScriptingObjects (0ms)
			CreateAndSetChildDomain (31ms)
		EndReloadAssembly (599ms)
			LoadAssemblies (72ms)
			RebuildTransferFunctionScriptingTraits (0ms)
			SetupTypeCache (203ms)
			ReleaseScriptCaches (1ms)
			RebuildScriptCaches (27ms)
			SetupLoadedEditorAssemblies (224ms)
				LogAssemblyErrors (0ms)
				InitializePlatformSupportModulesInManaged (3ms)
				SetLoadedEditorAssemblies (0ms)
				RefreshPlugins (1ms)
				BeforeProcessingInitializeOnLoad (73ms)
				ProcessInitializeOnLoadAttributes (133ms)
				ProcessInitializeOnLoadMethodAttributes (8ms)
				AfterProcessingInitializeOnLoad (5ms)
				EditorAssembliesLoaded (0ms)
			ExecutionOrderSort2 (0ms)
			AwakeInstancesAfterBackupRestoration (7ms)
Platform modules already initialized, skipping
Switching build target platform(19) subTarget(0) extendedPlatform(0) -> platform(13) subTarget(537395200) extendedPlatform(0)
Refreshing native plugins compatible for Editor in 0.59 ms, found 3 plugins.
Preloading 0 native plugins for Editor in 0.00 ms.
Unloading 2211 Unused Serialized files (Serialized files now loaded: 0)
System memory in use before: 100.8 MB.
System memory in use after: 100.8 MB.

Unloading 25 unused Assets to reduce memory usage. Loaded Objects now: 2712.
Total: 2.859700 ms (FindLiveObjects: 0.194000 ms CreateObjectMapping: 0.098100 ms MarkObjects: 2.466000 ms  DeleteObjects: 0.100400 ms)

AssetImportParameters requested are different than current active one (requested -> active):
  custom:framework-win-MediaFoundation: 216162199b28c13a410421893ffa2e32 -> 
  custom:video-decoder-ogg-theora: a1e56fd34408186e4bbccfd4996cb3dc -> 
  custom:container-muxer-webm: aa71ff27fc2769a1b78a27578f13a17b -> 
  custom:container-demuxer-webm: 4f35f7cbe854078d1ac9338744f61a02 -> 
  custom:container-demuxer-ogg: 62fdf1f143b41e24485cea50d1cbac27 -> 
  custom:video-encoder-webm-vp8: eb34c28f22e8b96e1ab97ce403110664 -> 
  custom:video-decoder-webm-vp8: 9c59270c3fd7afecdb556c50c9e8de78 -> 
  custom:graphics/normal-map-encoding: 01000000000000000000000000000000 -> 02000000000000000000000000000000
  custom:audio-decoder-ogg-vorbis: bf7c407c2cedff20999df2af8eb42d56 -> 
  custom:audio-encoder-webm-vorbis: bf7c407c2cedff20999df2af8eb42d56 -> 
========================================================================
Received Import Request.
  Time since last request: 19.044667 seconds.
  path: Assets/Prefabs/Options View.prefab
  artifactKey: Guid(f05e86adf54bc6a4ba5358f1e2a4b077) Importer(815301076,1909f56bfc062723c751e8b465ee728b)
Start importing Assets/Prefabs/Options View.prefab using Guid(f05e86adf54bc6a4ba5358f1e2a4b077) Importer(815301076,1909f56bfc062723c751e8b465ee728b)  -> (artifact id: 'e4e86e5389d9d5a8714ca84ca9f0eddf') in 0.054214 seconds 
  Import took 0.057518 seconds .

========================================================================
Received Prepare
Registering precompiled user dll's ...
Registered in 0.002833 seconds.
Begin MonoManager ReloadAssembly
Native extension for WindowsStandalone target not found
Refreshing native plugins compatible for Editor in 0.83 ms, found 3 plugins.
Preloading 0 native plugins for Editor in 0.00 ms.
Mono: successfully reloaded assembly
- Completed reload, in  0.751 seconds
Domain Reload Profiling:
	ReloadAssembly (751ms)
		BeginReloadAssembly (92ms)
			ExecutionOrderSort (0ms)
			DisableScriptedObjects (4ms)
			BackupInstance (0ms)
			ReleaseScriptingObjects (0ms)
			CreateAndSetChildDomain (30ms)
		EndReloadAssembly (614ms)
			LoadAssemblies (73ms)
			RebuildTransferFunctionScriptingTraits (0ms)
			SetupTypeCache (205ms)
			ReleaseScriptCaches (1ms)
			RebuildScriptCaches (29ms)
			SetupLoadedEditorAssemblies (227ms)
				LogAssemblyErrors (0ms)
				InitializePlatformSupportModulesInManaged (3ms)
				SetLoadedEditorAssemblies (0ms)
				RefreshPlugins (1ms)
				BeforeProcessingInitializeOnLoad (73ms)
				ProcessInitializeOnLoadAttributes (134ms)
				ProcessInitializeOnLoadMethodAttributes (9ms)
				AfterProcessingInitializeOnLoad (6ms)
				EditorAssembliesLoaded (0ms)
			ExecutionOrderSort2 (0ms)
			AwakeInstancesAfterBackupRestoration (7ms)
Platform modules already initialized, skipping
Switching build target platform(19) subTarget(0) extendedPlatform(0) -> platform(13) subTarget(537395200) extendedPlatform(0)
Refreshing native plugins compatible for Editor in 0.80 ms, found 3 plugins.
Preloading 0 native plugins for Editor in 0.00 ms.
Unloading 2211 Unused Serialized files (Serialized files now loaded: 0)
System memory in use before: 100.8 MB.
System memory in use after: 100.9 MB.

Unloading 25 unused Assets to reduce memory usage. Loaded Objects now: 2714.
Total: 3.277800 ms (FindLiveObjects: 0.185700 ms CreateObjectMapping: 0.093900 ms MarkObjects: 2.889000 ms  DeleteObjects: 0.107900 ms)

AssetImportParameters requested are different than current active one (requested -> active):
  custom:framework-win-MediaFoundation: 216162199b28c13a410421893ffa2e32 -> 
  custom:video-decoder-ogg-theora: a1e56fd34408186e4bbccfd4996cb3dc -> 
  custom:container-muxer-webm: aa71ff27fc2769a1b78a27578f13a17b -> 
  custom:container-demuxer-webm: 4f35f7cbe854078d1ac9338744f61a02 -> 
  custom:container-demuxer-ogg: 62fdf1f143b41e24485cea50d1cbac27 -> 
  custom:video-encoder-webm-vp8: eb34c28f22e8b96e1ab97ce403110664 -> 
  custom:video-decoder-webm-vp8: 9c59270c3fd7afecdb556c50c9e8de78 -> 
  custom:graphics/normal-map-encoding: 01000000000000000000000000000000 -> 02000000000000000000000000000000
  custom:audio-decoder-ogg-vorbis: bf7c407c2cedff20999df2af8eb42d56 -> 
  custom:audio-encoder-webm-vorbis: bf7c407c2cedff20999df2af8eb42d56 -> 
========================================================================
Received Import Request.
  Time since last request: 57.148354 seconds.
  path: Assets/Prefabs/Levels View.prefab
  artifactKey: Guid(bd455a38388f2dc41af0c8bb0ed82d76) Importer(815301076,1909f56bfc062723c751e8b465ee728b)
Start importing Assets/Prefabs/Levels View.prefab using Guid(bd455a38388f2dc41af0c8bb0ed82d76) Importer(815301076,1909f56bfc062723c751e8b465ee728b)  -> (artifact id: '05081023ffc381cbf9a564104b08e51d') in 0.029734 seconds 
  Import took 0.032987 seconds .

========================================================================
Received Import Request.
  Time since last request: 255.181655 seconds.
  path: Assets/roboto/Apache License.txt
  artifactKey: Guid(37811c13f3543234abaaa5d83e56b3a6) Importer(815301076,1909f56bfc062723c751e8b465ee728b)
Start importing Assets/roboto/Apache License.txt using Guid(37811c13f3543234abaaa5d83e56b3a6) Importer(815301076,1909f56bfc062723c751e8b465ee728b)  -> (artifact id: '13e972c895e1942feec7e82790db8b4a') in 0.006581 seconds 
  Import took 0.009797 seconds .

========================================================================
Received Prepare
Registering precompiled user dll's ...
Registered in 0.002853 seconds.
Begin MonoManager ReloadAssembly
Native extension for WindowsStandalone target not found
Refreshing native plugins compatible for Editor in 0.51 ms, found 3 plugins.
Preloading 0 native plugins for Editor in 0.00 ms.
Mono: successfully reloaded assembly
- Completed reload, in  0.756 seconds
Domain Reload Profiling:
	ReloadAssembly (756ms)
		BeginReloadAssembly (94ms)
			ExecutionOrderSort (0ms)
			DisableScriptedObjects (5ms)
			BackupInstance (0ms)
			ReleaseScriptingObjects (0ms)
			CreateAndSetChildDomain (31ms)
		EndReloadAssembly (618ms)
			LoadAssemblies (77ms)
			RebuildTransferFunctionScriptingTraits (0ms)
			SetupTypeCache (209ms)
			ReleaseScriptCaches (1ms)
			RebuildScriptCaches (27ms)
			SetupLoadedEditorAssemblies (221ms)
				LogAssemblyErrors (0ms)
				InitializePlatformSupportModulesInManaged (4ms)
				SetLoadedEditorAssemblies (0ms)
				RefreshPlugins (1ms)
				BeforeProcessingInitializeOnLoad (71ms)
				ProcessInitializeOnLoadAttributes (131ms)
				ProcessInitializeOnLoadMethodAttributes (8ms)
				AfterProcessingInitializeOnLoad (6ms)
				EditorAssembliesLoaded (0ms)
			ExecutionOrderSort2 (0ms)
			AwakeInstancesAfterBackupRestoration (7ms)
Platform modules already initialized, skipping
Switching build target platform(19) subTarget(0) extendedPlatform(0) -> platform(13) subTarget(537395200) extendedPlatform(0)
Refreshing native plugins compatible for Editor in 0.56 ms, found 3 plugins.
Preloading 0 native plugins for Editor in 0.00 ms.
Unloading 2211 Unused Serialized files (Serialized files now loaded: 0)
System memory in use before: 100.9 MB.
System memory in use after: 101.0 MB.

Unloading 26 unused Assets to reduce memory usage. Loaded Objects now: 2718.
Total: 2.878500 ms (FindLiveObjects: 0.199200 ms CreateObjectMapping: 0.095600 ms MarkObjects: 2.470500 ms  DeleteObjects: 0.112100 ms)

AssetImportParameters requested are different than current active one (requested -> active):
  custom:framework-win-MediaFoundation: 216162199b28c13a410421893ffa2e32 -> 
  custom:video-decoder-ogg-theora: a1e56fd34408186e4bbccfd4996cb3dc -> 
  custom:container-muxer-webm: aa71ff27fc2769a1b78a27578f13a17b -> 
  custom:container-demuxer-webm: 4f35f7cbe854078d1ac9338744f61a02 -> 
  custom:container-demuxer-ogg: 62fdf1f143b41e24485cea50d1cbac27 -> 
  custom:video-encoder-webm-vp8: eb34c28f22e8b96e1ab97ce403110664 -> 
  custom:video-decoder-webm-vp8: 9c59270c3fd7afecdb556c50c9e8de78 -> 
  custom:graphics/normal-map-encoding: 01000000000000000000000000000000 -> 02000000000000000000000000000000
  custom:audio-decoder-ogg-vorbis: bf7c407c2cedff20999df2af8eb42d56 -> 
  custom:audio-encoder-webm-vorbis: bf7c407c2cedff20999df2af8eb42d56 -> 
AssetImportWorkerClient::OnTransportError - code=2 error=End of file
